.\Debug\mfcie.ilk
.\Debug\mfcie.pdb
D:\网络编程案例\chapter5\MFCIE\MFCIE\.\Debug\mfcie.exe
D:\网络编程案例\chapter5\MFCIE\MFCIE\.\Debug\mfcie.exe.intermediate.manifest
D:\网络编程案例\chapter5\MFCIE\MFCIE\Debug\cl.command.1.tlog
D:\网络编程案例\chapter5\MFCIE\MFCIE\Debug\CL.read.1.tlog
D:\网络编程案例\chapter5\MFCIE\MFCIE\Debug\CL.write.1.tlog
D:\网络编程案例\chapter5\MFCIE\MFCIE\Debug\link.command.1.tlog
D:\网络编程案例\chapter5\MFCIE\MFCIE\Debug\link.read.1.tlog
D:\网络编程案例\chapter5\MFCIE\MFCIE\Debug\link.write.1.tlog
D:\网络编程案例\chapter5\MFCIE\MFCIE\Debug\link-cvtres.read.1.tlog
D:\网络编程案例\chapter5\MFCIE\MFCIE\Debug\link-cvtres.write.1.tlog
D:\网络编程案例\CHAPTER5\MFCIE\MFCIE\DEBUG\MAINFRM.OBJ
D:\网络编程案例\CHAPTER5\MFCIE\MFCIE\DEBUG\MFCIE.EXE
D:\网络编程案例\CHAPTER5\MFCIE\MFCIE\DEBUG\MFCIE.EXE.EMBED.MANIFEST
D:\网络编程案例\CHAPTER5\MFCIE\MFCIE\DEBUG\MFCIE.EXE.EMBED.MANIFEST.RES
D:\网络编程案例\CHAPTER5\MFCIE\MFCIE\DEBUG\MFCIE.EXE.INTERMEDIATE.MANIFEST
D:\网络编程案例\CHAPTER5\MFCIE\MFCIE\DEBUG\MFCIE.ILK
D:\网络编程案例\CHAPTER5\MFCIE\MFCIE\DEBUG\MFCIE.OBJ
D:\网络编程案例\CHAPTER5\MFCIE\MFCIE\DEBUG\MFCIE.PCH
D:\网络编程案例\CHAPTER5\MFCIE\MFCIE\DEBUG\MFCIE.PDB
D:\网络编程案例\CHAPTER5\MFCIE\MFCIE\DEBUG\MFCIE.RES
D:\网络编程案例\chapter5\MFCIE\MFCIE\Debug\mfcie_manifest.rc
D:\网络编程案例\CHAPTER5\MFCIE\MFCIE\DEBUG\MFCIEDOC.OBJ
D:\网络编程案例\CHAPTER5\MFCIE\MFCIE\DEBUG\MFCIEVW.OBJ
D:\网络编程案例\chapter5\MFCIE\MFCIE\Debug\mt.command.1.tlog
D:\网络编程案例\chapter5\MFCIE\MFCIE\Debug\mt.read.1.tlog
D:\网络编程案例\chapter5\MFCIE\MFCIE\Debug\mt.write.1.tlog
D:\网络编程案例\chapter5\MFCIE\MFCIE\Debug\rc.command.1.tlog
D:\网络编程案例\chapter5\MFCIE\MFCIE\Debug\rc.read.1.tlog
D:\网络编程案例\chapter5\MFCIE\MFCIE\Debug\rc.write.1.tlog
D:\网络编程案例\CHAPTER5\MFCIE\MFCIE\DEBUG\STDAFX.OBJ
D:\网络编程案例\CHAPTER5\MFCIE\MFCIE\DEBUG\VC100.PDB
