D:\网络编程案例\CHAPTER6\SMTP客户机\SMTPCLIENT\DEBUG\SMTPCLIENT.EXE
D:\网络编程案例\CHAPTER6\SMTP客户机\SMTPCLIENT\DEBUG\SMTPCLIENT.ILK
D:\网络编程案例\CHAPTER6\SMTP客户机\SMTPCLIENT\DEBUG\SMTPCLIENT.PDB
D:\网络编程案例\CHAPTER6\SMTP客户机\SMTPCLIENT\SMTPCLIENT\DEBUG\BASE64.OBJ
D:\网络编程案例\chapter6\SMTP客户机\SmtpClient\SmtpClient\Debug\cl.command.1.tlog
D:\网络编程案例\chapter6\SMTP客户机\SmtpClient\SmtpClient\Debug\CL.read.1.tlog
D:\网络编程案例\chapter6\SMTP客户机\SmtpClient\SmtpClient\Debug\CL.write.1.tlog
D:\网络编程案例\chapter6\SMTP客户机\SmtpClient\SmtpClient\Debug\link.3992.read.1.tlog
D:\网络编程案例\chapter6\SMTP客户机\SmtpClient\SmtpClient\Debug\link.3992.write.1.tlog
D:\网络编程案例\chapter6\SMTP客户机\SmtpClient\SmtpClient\Debug\link.3992-cvtres.read.1.tlog
D:\网络编程案例\chapter6\SMTP客户机\SmtpClient\SmtpClient\Debug\link.3992-cvtres.write.1.tlog
D:\网络编程案例\chapter6\SMTP客户机\SmtpClient\SmtpClient\Debug\link.5424.read.1.tlog
D:\网络编程案例\chapter6\SMTP客户机\SmtpClient\SmtpClient\Debug\link.5424.write.1.tlog
D:\网络编程案例\chapter6\SMTP客户机\SmtpClient\SmtpClient\Debug\link.5424-cvtres.read.1.tlog
D:\网络编程案例\chapter6\SMTP客户机\SmtpClient\SmtpClient\Debug\link.5424-cvtres.write.1.tlog
D:\网络编程案例\chapter6\SMTP客户机\SmtpClient\SmtpClient\Debug\link.command.1.tlog
D:\网络编程案例\chapter6\SMTP客户机\SmtpClient\SmtpClient\Debug\link.read.1.tlog
D:\网络编程案例\chapter6\SMTP客户机\SmtpClient\SmtpClient\Debug\link.write.1.tlog
D:\网络编程案例\chapter6\SMTP客户机\SmtpClient\SmtpClient\Debug\link-cvtres.read.1.tlog
D:\网络编程案例\chapter6\SMTP客户机\SmtpClient\SmtpClient\Debug\link-cvtres.write.1.tlog
D:\网络编程案例\chapter6\SMTP客户机\SmtpClient\SmtpClient\Debug\mt.command.1.tlog
D:\网络编程案例\chapter6\SMTP客户机\SmtpClient\SmtpClient\Debug\mt.read.1.tlog
D:\网络编程案例\chapter6\SMTP客户机\SmtpClient\SmtpClient\Debug\mt.write.1.tlog
D:\网络编程案例\chapter6\SMTP客户机\SmtpClient\SmtpClient\Debug\rc.command.1.tlog
D:\网络编程案例\chapter6\SMTP客户机\SmtpClient\SmtpClient\Debug\rc.read.1.tlog
D:\网络编程案例\chapter6\SMTP客户机\SmtpClient\SmtpClient\Debug\rc.write.1.tlog
D:\网络编程案例\CHAPTER6\SMTP客户机\SMTPCLIENT\SMTPCLIENT\DEBUG\SMTPCLIENT.EXE.EMBED.MANIFEST
D:\网络编程案例\CHAPTER6\SMTP客户机\SMTPCLIENT\SMTPCLIENT\DEBUG\SMTPCLIENT.EXE.EMBED.MANIFEST.RES
D:\网络编程案例\CHAPTER6\SMTP客户机\SMTPCLIENT\SMTPCLIENT\DEBUG\SMTPCLIENT.EXE.INTERMEDIATE.MANIFEST
D:\网络编程案例\CHAPTER6\SMTP客户机\SMTPCLIENT\SMTPCLIENT\DEBUG\SMTPCLIENT.OBJ
D:\网络编程案例\CHAPTER6\SMTP客户机\SMTPCLIENT\SMTPCLIENT\DEBUG\SMTPCLIENT.PCH
D:\网络编程案例\CHAPTER6\SMTP客户机\SMTPCLIENT\SMTPCLIENT\DEBUG\SMTPCLIENT.RES
D:\网络编程案例\chapter6\SMTP客户机\SmtpClient\SmtpClient\Debug\SmtpClient_manifest.rc
D:\网络编程案例\CHAPTER6\SMTP客户机\SMTPCLIENT\SMTPCLIENT\DEBUG\SMTPCLIENTDLG.OBJ
D:\网络编程案例\CHAPTER6\SMTP客户机\SMTPCLIENT\SMTPCLIENT\DEBUG\SMTPSOCKET.OBJ
D:\网络编程案例\CHAPTER6\SMTP客户机\SMTPCLIENT\SMTPCLIENT\DEBUG\STDAFX.OBJ
D:\网络编程案例\chapter6\SMTP客户机\SmtpClient\SmtpClient\Debug\vc100.idb
D:\网络编程案例\CHAPTER6\SMTP客户机\SMTPCLIENT\SMTPCLIENT\DEBUG\VC100.PDB
