C:\DOCUMENTS AND SETTINGS\ADMINISTRATOR\桌面\2013网络编程课件\案例程序\程序2.10\DEBUG\程序2.10.EXE
C:\DOCUMENTS AND SETTINGS\ADMINISTRATOR\桌面\2013网络编程课件\案例程序\程序2.10\DEBUG\程序2.10.ILK
C:\DOCUMENTS AND SETTINGS\ADMINISTRATOR\桌面\2013网络编程课件\案例程序\程序2.10\DEBUG\程序2.10.PDB
C:\Documents and Settings\Administrator\桌面\2013网络编程课件\案例程序\程序2.10\程序2.10\Debug\cl.command.1.tlog
C:\Documents and Settings\Administrator\桌面\2013网络编程课件\案例程序\程序2.10\程序2.10\Debug\CL.read.1.tlog
C:\Documents and Settings\Administrator\桌面\2013网络编程课件\案例程序\程序2.10\程序2.10\Debug\CL.write.1.tlog
C:\Documents and Settings\Administrator\桌面\2013网络编程课件\案例程序\程序2.10\程序2.10\Debug\link.4524.read.1.tlog
C:\Documents and Settings\Administrator\桌面\2013网络编程课件\案例程序\程序2.10\程序2.10\Debug\link.4524.write.1.tlog
C:\Documents and Settings\Administrator\桌面\2013网络编程课件\案例程序\程序2.10\程序2.10\Debug\link.4524-cvtres.read.1.tlog
C:\Documents and Settings\Administrator\桌面\2013网络编程课件\案例程序\程序2.10\程序2.10\Debug\link.4524-cvtres.write.1.tlog
C:\Documents and Settings\Administrator\桌面\2013网络编程课件\案例程序\程序2.10\程序2.10\Debug\link.command.1.tlog
C:\Documents and Settings\Administrator\桌面\2013网络编程课件\案例程序\程序2.10\程序2.10\Debug\link.read.1.tlog
C:\Documents and Settings\Administrator\桌面\2013网络编程课件\案例程序\程序2.10\程序2.10\Debug\link.write.1.tlog
C:\Documents and Settings\Administrator\桌面\2013网络编程课件\案例程序\程序2.10\程序2.10\Debug\link-cvtres.read.1.tlog
C:\Documents and Settings\Administrator\桌面\2013网络编程课件\案例程序\程序2.10\程序2.10\Debug\link-cvtres.write.1.tlog
C:\Documents and Settings\Administrator\桌面\2013网络编程课件\案例程序\程序2.10\程序2.10\Debug\mt.command.1.tlog
C:\Documents and Settings\Administrator\桌面\2013网络编程课件\案例程序\程序2.10\程序2.10\Debug\mt.read.1.tlog
C:\Documents and Settings\Administrator\桌面\2013网络编程课件\案例程序\程序2.10\程序2.10\Debug\mt.write.1.tlog
C:\DOCUMENTS AND SETTINGS\ADMINISTRATOR\桌面\2013网络编程课件\案例程序\程序2.10\程序2.10\DEBUG\P2-10.OBJ
C:\Documents and Settings\Administrator\桌面\2013网络编程课件\案例程序\程序2.10\程序2.10\Debug\rc.command.1.tlog
C:\Documents and Settings\Administrator\桌面\2013网络编程课件\案例程序\程序2.10\程序2.10\Debug\rc.read.1.tlog
C:\Documents and Settings\Administrator\桌面\2013网络编程课件\案例程序\程序2.10\程序2.10\Debug\rc.write.1.tlog
C:\Documents and Settings\Administrator\桌面\2013网络编程课件\案例程序\程序2.10\程序2.10\Debug\vc100.idb
C:\DOCUMENTS AND SETTINGS\ADMINISTRATOR\桌面\2013网络编程课件\案例程序\程序2.10\程序2.10\DEBUG\VC100.PDB
C:\DOCUMENTS AND SETTINGS\ADMINISTRATOR\桌面\2013网络编程课件\案例程序\程序2.10\程序2.10\DEBUG\程序2.10.EXE.EMBED.MANIFEST
C:\DOCUMENTS AND SETTINGS\ADMINISTRATOR\桌面\2013网络编程课件\案例程序\程序2.10\程序2.10\DEBUG\程序2.10.EXE.EMBED.MANIFEST.RES
C:\DOCUMENTS AND SETTINGS\ADMINISTRATOR\桌面\2013网络编程课件\案例程序\程序2.10\程序2.10\DEBUG\程序2.10.EXE.INTERMEDIATE.MANIFEST
C:\Documents and Settings\Administrator\桌面\2013网络编程课件\案例程序\程序2.10\程序2.10\Debug\程序2.10_manifest.rc
