.\Debug\Thread1.ilk
.\Debug\Thread1.pdb
D:\网络编程案例\chapter7\Multithread1\.\Debug\Thread1.exe
D:\网络编程案例\chapter7\Multithread1\.\Debug\Thread1.exe.intermediate.manifest
D:\网络编程案例\chapter7\Multithread1\Debug\cl.command.1.tlog
D:\网络编程案例\chapter7\Multithread1\Debug\CL.read.1.tlog
D:\网络编程案例\chapter7\Multithread1\Debug\CL.write.1.tlog
D:\网络编程案例\chapter7\Multithread1\Debug\link.5608.read.1.tlog
D:\网络编程案例\chapter7\Multithread1\Debug\link.5608.write.1.tlog
D:\网络编程案例\chapter7\Multithread1\Debug\link.5608-cvtres.read.1.tlog
D:\网络编程案例\chapter7\Multithread1\Debug\link.5608-cvtres.write.1.tlog
D:\网络编程案例\chapter7\Multithread1\Debug\link.command.1.tlog
D:\网络编程案例\chapter7\Multithread1\Debug\link.read.1.tlog
D:\网络编程案例\chapter7\Multithread1\Debug\link.write.1.tlog
D:\网络编程案例\chapter7\Multithread1\Debug\link-cvtres.read.1.tlog
D:\网络编程案例\chapter7\Multithread1\Debug\link-cvtres.write.1.tlog
D:\网络编程案例\chapter7\Multithread1\Debug\mt.command.1.tlog
D:\网络编程案例\chapter7\Multithread1\Debug\mt.read.1.tlog
D:\网络编程案例\chapter7\Multithread1\Debug\mt.write.1.tlog
D:\网络编程案例\chapter7\Multithread1\Debug\rc.command.1.tlog
D:\网络编程案例\chapter7\Multithread1\Debug\rc.read.1.tlog
D:\网络编程案例\chapter7\Multithread1\Debug\rc.write.1.tlog
D:\网络编程案例\CHAPTER7\MULTITHREAD1\DEBUG\THREAD.OBJ
D:\网络编程案例\CHAPTER7\MULTITHREAD1\DEBUG\THREAD1.EXE
D:\网络编程案例\chapter7\Multithread1\Debug\Thread1.exe.embed.manifest
D:\网络编程案例\CHAPTER7\MULTITHREAD1\DEBUG\THREAD1.EXE.EMBED.MANIFEST.RES
D:\网络编程案例\CHAPTER7\MULTITHREAD1\DEBUG\THREAD1.EXE.INTERMEDIATE.MANIFEST
D:\网络编程案例\CHAPTER7\MULTITHREAD1\DEBUG\THREAD1.ILK
D:\网络编程案例\CHAPTER7\MULTITHREAD1\DEBUG\THREAD1.PDB
D:\网络编程案例\chapter7\Multithread1\Debug\Thread1_manifest.rc
D:\网络编程案例\chapter7\Multithread1\Debug\vc100.idb
D:\网络编程案例\CHAPTER7\MULTITHREAD1\DEBUG\VC100.PDB
E:\TDDOWNLOAD\MULTITHREAD1\DEBUG\THREAD.OBJ
E:\TDDOWNLOAD\MULTITHREAD1\DEBUG\THREAD1.EXE
E:\TDDOWNLOAD\MULTITHREAD1\DEBUG\THREAD1.EXE.EMBED.MANIFEST
E:\TDDOWNLOAD\MULTITHREAD1\DEBUG\THREAD1.EXE.EMBED.MANIFEST.RES
E:\TDDOWNLOAD\MULTITHREAD1\DEBUG\THREAD1.EXE.INTERMEDIATE.MANIFEST
E:\TDDOWNLOAD\MULTITHREAD1\DEBUG\THREAD1.ILK
E:\TDDOWNLOAD\MULTITHREAD1\DEBUG\THREAD1.PDB
E:\TDDOWNLOAD\MULTITHREAD1\DEBUG\VC100.PDB
