.\Debug\Thread2.ilk
.\Debug\Thread2.pdb
D:\网络编程案例\chapter7\Multithread2\.\Debug\Thread2.exe
D:\网络编程案例\chapter7\Multithread2\.\Debug\Thread2.exe.intermediate.manifest
D:\网络编程案例\chapter7\Multithread2\Debug\cl.command.1.tlog
D:\网络编程案例\chapter7\Multithread2\Debug\CL.read.1.tlog
D:\网络编程案例\chapter7\Multithread2\Debug\CL.write.1.tlog
D:\网络编程案例\chapter7\Multithread2\Debug\link.command.1.tlog
D:\网络编程案例\chapter7\Multithread2\Debug\link.read.1.tlog
D:\网络编程案例\chapter7\Multithread2\Debug\link.write.1.tlog
D:\网络编程案例\chapter7\Multithread2\Debug\link-cvtres.read.1.tlog
D:\网络编程案例\chapter7\Multithread2\Debug\link-cvtres.write.1.tlog
D:\网络编程案例\chapter7\Multithread2\Debug\mt.command.1.tlog
D:\网络编程案例\chapter7\Multithread2\Debug\mt.read.1.tlog
D:\网络编程案例\chapter7\Multithread2\Debug\mt.write.1.tlog
D:\网络编程案例\chapter7\Multithread2\Debug\rc.command.1.tlog
D:\网络编程案例\chapter7\Multithread2\Debug\rc.read.1.tlog
D:\网络编程案例\chapter7\Multithread2\Debug\rc.write.1.tlog
D:\网络编程案例\CHAPTER7\MULTITHREAD2\DEBUG\STDAFX.OBJ
D:\网络编程案例\CHAPTER7\MULTITHREAD2\DEBUG\THREAD2.EXE
D:\网络编程案例\chapter7\Multithread2\Debug\Thread2.exe.embed.manifest
D:\网络编程案例\CHAPTER7\MULTITHREAD2\DEBUG\THREAD2.EXE.EMBED.MANIFEST.RES
D:\网络编程案例\CHAPTER7\MULTITHREAD2\DEBUG\THREAD2.EXE.INTERMEDIATE.MANIFEST
D:\网络编程案例\CHAPTER7\MULTITHREAD2\DEBUG\THREAD2.ILK
D:\网络编程案例\CHAPTER7\MULTITHREAD2\DEBUG\THREAD2.OBJ
D:\网络编程案例\CHAPTER7\MULTITHREAD2\DEBUG\THREAD2.PCH
D:\网络编程案例\CHAPTER7\MULTITHREAD2\DEBUG\THREAD2.PDB
D:\网络编程案例\CHAPTER7\MULTITHREAD2\DEBUG\THREAD2.RES
D:\网络编程案例\chapter7\Multithread2\Debug\Thread2_manifest.rc
D:\网络编程案例\chapter7\Multithread2\Debug\vc100.idb
D:\网络编程案例\CHAPTER7\MULTITHREAD2\DEBUG\VC100.PDB
E:\TDDOWNLOAD\MULTITHREAD2\DEBUG\STDAFX.OBJ
E:\TDDOWNLOAD\MULTITHREAD2\DEBUG\THREAD2.EXE
E:\TDDOWNLOAD\MULTITHREAD2\DEBUG\THREAD2.EXE.EMBED.MANIFEST
E:\TDDOWNLOAD\MULTITHREAD2\DEBUG\THREAD2.EXE.EMBED.MANIFEST.RES
E:\TDDOWNLOAD\MULTITHREAD2\DEBUG\THREAD2.EXE.INTERMEDIATE.MANIFEST
E:\TDDOWNLOAD\MULTITHREAD2\DEBUG\THREAD2.ILK
E:\TDDOWNLOAD\MULTITHREAD2\DEBUG\THREAD2.OBJ
E:\TDDOWNLOAD\MULTITHREAD2\DEBUG\THREAD2.PCH
E:\TDDOWNLOAD\MULTITHREAD2\DEBUG\THREAD2.PDB
E:\TDDOWNLOAD\MULTITHREAD2\DEBUG\THREAD2.RES
E:\TDDOWNLOAD\MULTITHREAD2\DEBUG\VC100.PDB
