.\Debug\Animate.ilk
.\Debug\Animate.pdb
D:\网络编程案例\chapter7\Multithreaded_Animation\.\Debug\Animate.exe
D:\网络编程案例\chapter7\Multithreaded_Animation\.\Debug\Animate.exe.intermediate.manifest
D:\网络编程案例\CHAPTER7\MULTITHREADED_ANIMATION\DEBUG\ANIMATE.EXE
D:\网络编程案例\chapter7\Multithreaded_Animation\Debug\Animate.exe.embed.manifest
D:\网络编程案例\CHAPTER7\MULTITHREADED_ANIMATION\DEBUG\ANIMATE.EXE.EMBED.MANIFEST.RES
D:\网络编程案例\CHAPTER7\MULTITHREADED_ANIMATION\DEBUG\ANIMATE.EXE.INTERMEDIATE.MANIFEST
D:\网络编程案例\CHAPTER7\MULTITHREADED_ANIMATION\DEBUG\ANIMATE.ILK
D:\网络编程案例\CHAPTER7\MULTITHREADED_ANIMATION\DEBUG\ANIMATE.OBJ
D:\网络编程案例\CHAPTER7\MULTITHREADED_ANIMATION\DEBUG\ANIMATE.PDB
D:\网络编程案例\chapter7\Multithreaded_Animation\Debug\Animate_manifest.rc
D:\网络编程案例\chapter7\Multithreaded_Animation\Debug\cl.command.1.tlog
D:\网络编程案例\chapter7\Multithreaded_Animation\Debug\CL.read.1.tlog
D:\网络编程案例\chapter7\Multithreaded_Animation\Debug\CL.write.1.tlog
D:\网络编程案例\chapter7\Multithreaded_Animation\Debug\link.command.1.tlog
D:\网络编程案例\chapter7\Multithreaded_Animation\Debug\link.read.1.tlog
D:\网络编程案例\chapter7\Multithreaded_Animation\Debug\link.write.1.tlog
D:\网络编程案例\chapter7\Multithreaded_Animation\Debug\link-cvtres.read.1.tlog
D:\网络编程案例\chapter7\Multithreaded_Animation\Debug\link-cvtres.write.1.tlog
D:\网络编程案例\chapter7\Multithreaded_Animation\Debug\mt.command.1.tlog
D:\网络编程案例\chapter7\Multithreaded_Animation\Debug\mt.read.1.tlog
D:\网络编程案例\chapter7\Multithreaded_Animation\Debug\mt.write.1.tlog
D:\网络编程案例\chapter7\Multithreaded_Animation\Debug\rc.command.1.tlog
D:\网络编程案例\chapter7\Multithreaded_Animation\Debug\rc.read.1.tlog
D:\网络编程案例\chapter7\Multithreaded_Animation\Debug\rc.write.1.tlog
D:\网络编程案例\CHAPTER7\MULTITHREADED_ANIMATION\DEBUG\SCRIPT1.RES
D:\网络编程案例\chapter7\Multithreaded_Animation\Debug\vc100.idb
D:\网络编程案例\CHAPTER7\MULTITHREADED_ANIMATION\DEBUG\VC100.PDB
E:\TDDOWNLOAD\MULTITHREADED_ANIMATION\DEBUG\ANIMATE.EXE
E:\TDDOWNLOAD\MULTITHREADED_ANIMATION\DEBUG\ANIMATE.EXE.EMBED.MANIFEST
E:\TDDOWNLOAD\MULTITHREADED_ANIMATION\DEBUG\ANIMATE.EXE.EMBED.MANIFEST.RES
E:\TDDOWNLOAD\MULTITHREADED_ANIMATION\DEBUG\ANIMATE.EXE.INTERMEDIATE.MANIFEST
E:\TDDOWNLOAD\MULTITHREADED_ANIMATION\DEBUG\ANIMATE.ILK
E:\TDDOWNLOAD\MULTITHREADED_ANIMATION\DEBUG\ANIMATE.OBJ
E:\TDDOWNLOAD\MULTITHREADED_ANIMATION\DEBUG\ANIMATE.PDB
E:\TDDOWNLOAD\MULTITHREADED_ANIMATION\DEBUG\SCRIPT1.RES
E:\TDDOWNLOAD\MULTITHREADED_ANIMATION\DEBUG\VC100.PDB
