D:\网络编程案例\CHAPTER2\TCPCLIENT\DEBUG\TCPCLIENT.EXE
D:\网络编程案例\CHAPTER2\TCPCLIENT\DEBUG\TCPCLIENT.ILK
D:\网络编程案例\CHAPTER2\TCPCLIENT\DEBUG\TCPCLIENT.PDB
D:\网络编程案例\chapter2\TcpClient\TcpClient\Debug\cl.command.1.tlog
D:\网络编程案例\chapter2\TcpClient\TcpClient\Debug\CL.read.1.tlog
D:\网络编程案例\chapter2\TcpClient\TcpClient\Debug\CL.write.1.tlog
D:\网络编程案例\chapter2\TcpClient\TcpClient\Debug\link.9308.read.1.tlog
D:\网络编程案例\chapter2\TcpClient\TcpClient\Debug\link.9308.write.1.tlog
D:\网络编程案例\chapter2\TcpClient\TcpClient\Debug\link.9308-cvtres.read.1.tlog
D:\网络编程案例\chapter2\TcpClient\TcpClient\Debug\link.9308-cvtres.write.1.tlog
D:\网络编程案例\chapter2\TcpClient\TcpClient\Debug\link.command.1.tlog
D:\网络编程案例\chapter2\TcpClient\TcpClient\Debug\link.read.1.tlog
D:\网络编程案例\chapter2\TcpClient\TcpClient\Debug\link.write.1.tlog
D:\网络编程案例\chapter2\TcpClient\TcpClient\Debug\link-cvtres.read.1.tlog
D:\网络编程案例\chapter2\TcpClient\TcpClient\Debug\link-cvtres.write.1.tlog
D:\网络编程案例\chapter2\TcpClient\TcpClient\Debug\mt.command.1.tlog
D:\网络编程案例\chapter2\TcpClient\TcpClient\Debug\mt.read.1.tlog
D:\网络编程案例\chapter2\TcpClient\TcpClient\Debug\mt.write.1.tlog
D:\网络编程案例\chapter2\TcpClient\TcpClient\Debug\rc.command.1.tlog
D:\网络编程案例\chapter2\TcpClient\TcpClient\Debug\rc.read.1.tlog
D:\网络编程案例\chapter2\TcpClient\TcpClient\Debug\rc.write.1.tlog
D:\网络编程案例\CHAPTER2\TCPCLIENT\TCPCLIENT\DEBUG\TCPCLIENT.EXE.EMBED.MANIFEST
D:\网络编程案例\CHAPTER2\TCPCLIENT\TCPCLIENT\DEBUG\TCPCLIENT.EXE.EMBED.MANIFEST.RES
D:\网络编程案例\CHAPTER2\TCPCLIENT\TCPCLIENT\DEBUG\TCPCLIENT.EXE.INTERMEDIATE.MANIFEST
D:\网络编程案例\CHAPTER2\TCPCLIENT\TCPCLIENT\DEBUG\TCPCLIENT.OBJ
D:\网络编程案例\chapter2\TcpClient\TcpClient\Debug\TcpClient_manifest.rc
D:\网络编程案例\chapter2\TcpClient\TcpClient\Debug\vc100.idb
D:\网络编程案例\CHAPTER2\TCPCLIENT\TCPCLIENT\DEBUG\VC100.PDB
