C:\DOCUMENTS AND SETTINGS\ADMINISTRATOR\桌面\2013网络编程课件\案例程序\程序7.1\VIEWMEMORY\DEBUG\VIEWMEMORY.EXE
C:\DOCUMENTS AND SETTINGS\ADMINISTRATOR\桌面\2013网络编程课件\案例程序\程序7.1\VIEWMEMORY\DEBUG\VIEWMEMORY.ILK
C:\DOCUMENTS AND SETTINGS\ADMINISTRATOR\桌面\2013网络编程课件\案例程序\程序7.1\VIEWMEMORY\DEBUG\VIEWMEMORY.PDB
C:\Documents and Settings\Administrator\桌面\2013网络编程课件\案例程序\程序7.1\ViewMemory\ViewMemory\Debug\cl.command.1.tlog
C:\Documents and Settings\Administrator\桌面\2013网络编程课件\案例程序\程序7.1\ViewMemory\ViewMemory\Debug\CL.read.1.tlog
C:\Documents and Settings\Administrator\桌面\2013网络编程课件\案例程序\程序7.1\ViewMemory\ViewMemory\Debug\CL.write.1.tlog
C:\Documents and Settings\Administrator\桌面\2013网络编程课件\案例程序\程序7.1\ViewMemory\ViewMemory\Debug\link.3464.read.1.tlog
C:\Documents and Settings\Administrator\桌面\2013网络编程课件\案例程序\程序7.1\ViewMemory\ViewMemory\Debug\link.3464.write.1.tlog
C:\Documents and Settings\Administrator\桌面\2013网络编程课件\案例程序\程序7.1\ViewMemory\ViewMemory\Debug\link.3464-cvtres.read.1.tlog
C:\Documents and Settings\Administrator\桌面\2013网络编程课件\案例程序\程序7.1\ViewMemory\ViewMemory\Debug\link.3464-cvtres.write.1.tlog
C:\Documents and Settings\Administrator\桌面\2013网络编程课件\案例程序\程序7.1\ViewMemory\ViewMemory\Debug\link.command.1.tlog
C:\Documents and Settings\Administrator\桌面\2013网络编程课件\案例程序\程序7.1\ViewMemory\ViewMemory\Debug\link.read.1.tlog
C:\Documents and Settings\Administrator\桌面\2013网络编程课件\案例程序\程序7.1\ViewMemory\ViewMemory\Debug\link.write.1.tlog
C:\Documents and Settings\Administrator\桌面\2013网络编程课件\案例程序\程序7.1\ViewMemory\ViewMemory\Debug\link-cvtres.read.1.tlog
C:\Documents and Settings\Administrator\桌面\2013网络编程课件\案例程序\程序7.1\ViewMemory\ViewMemory\Debug\link-cvtres.write.1.tlog
C:\Documents and Settings\Administrator\桌面\2013网络编程课件\案例程序\程序7.1\ViewMemory\ViewMemory\Debug\mt.command.1.tlog
C:\Documents and Settings\Administrator\桌面\2013网络编程课件\案例程序\程序7.1\ViewMemory\ViewMemory\Debug\mt.read.1.tlog
C:\Documents and Settings\Administrator\桌面\2013网络编程课件\案例程序\程序7.1\ViewMemory\ViewMemory\Debug\mt.write.1.tlog
C:\Documents and Settings\Administrator\桌面\2013网络编程课件\案例程序\程序7.1\ViewMemory\ViewMemory\Debug\rc.command.1.tlog
C:\Documents and Settings\Administrator\桌面\2013网络编程课件\案例程序\程序7.1\ViewMemory\ViewMemory\Debug\rc.read.1.tlog
C:\Documents and Settings\Administrator\桌面\2013网络编程课件\案例程序\程序7.1\ViewMemory\ViewMemory\Debug\rc.write.1.tlog
C:\Documents and Settings\Administrator\桌面\2013网络编程课件\案例程序\程序7.1\ViewMemory\ViewMemory\Debug\vc100.idb
C:\DOCUMENTS AND SETTINGS\ADMINISTRATOR\桌面\2013网络编程课件\案例程序\程序7.1\VIEWMEMORY\VIEWMEMORY\DEBUG\VC100.PDB
C:\DOCUMENTS AND SETTINGS\ADMINISTRATOR\桌面\2013网络编程课件\案例程序\程序7.1\VIEWMEMORY\VIEWMEMORY\DEBUG\VIEWMEMORY.EXE.EMBED.MANIFEST
C:\DOCUMENTS AND SETTINGS\ADMINISTRATOR\桌面\2013网络编程课件\案例程序\程序7.1\VIEWMEMORY\VIEWMEMORY\DEBUG\VIEWMEMORY.EXE.EMBED.MANIFEST.RES
C:\DOCUMENTS AND SETTINGS\ADMINISTRATOR\桌面\2013网络编程课件\案例程序\程序7.1\VIEWMEMORY\VIEWMEMORY\DEBUG\VIEWMEMORY.EXE.INTERMEDIATE.MANIFEST
C:\DOCUMENTS AND SETTINGS\ADMINISTRATOR\桌面\2013网络编程课件\案例程序\程序7.1\VIEWMEMORY\VIEWMEMORY\DEBUG\VIEWMEMORY.OBJ
C:\Documents and Settings\Administrator\桌面\2013网络编程课件\案例程序\程序7.1\ViewMemory\ViewMemory\Debug\ViewMemory_manifest.rc
