C:\DOCUMENTS AND SETTINGS\ADMINISTRATOR\桌面\2013网络编程课件\案例程序\程序7.3\CHARBOUNCE\CHARBOUNCE\DEBUG\CHARBOUNCE.EXE.EMBED.MANIFEST
C:\DOCUMENTS AND SETTINGS\ADMINISTRATOR\桌面\2013网络编程课件\案例程序\程序7.3\CHARBOUNCE\CHARBOUNCE\DEBUG\CHARBOUNCE.EXE.EMBED.MANIFEST.RES
C:\DOCUMENTS AND SETTINGS\ADMINISTRATOR\桌面\2013网络编程课件\案例程序\程序7.3\CHARBOUNCE\CHARBOUNCE\DEBUG\CHARBOUNCE.EXE.INTERMEDIATE.MANIFEST
C:\DOCUMENTS AND SETTINGS\ADMINISTRATOR\桌面\2013网络编程课件\案例程序\程序7.3\CHARBOUNCE\CHARBOUNCE\DEBUG\CHARBOUNCE.OBJ
C:\Documents and Settings\Administrator\桌面\2013网络编程课件\案例程序\程序7.3\CharBounce\CharBounce\Debug\CharBounce_manifest.rc
C:\Documents and Settings\Administrator\桌面\2013网络编程课件\案例程序\程序7.3\CharBounce\CharBounce\Debug\cl.command.1.tlog
C:\Documents and Settings\Administrator\桌面\2013网络编程课件\案例程序\程序7.3\CharBounce\CharBounce\Debug\CL.read.1.tlog
C:\Documents and Settings\Administrator\桌面\2013网络编程课件\案例程序\程序7.3\CharBounce\CharBounce\Debug\CL.write.1.tlog
C:\Documents and Settings\Administrator\桌面\2013网络编程课件\案例程序\程序7.3\CharBounce\CharBounce\Debug\link.4620.read.1.tlog
C:\Documents and Settings\Administrator\桌面\2013网络编程课件\案例程序\程序7.3\CharBounce\CharBounce\Debug\link.4620.write.1.tlog
C:\Documents and Settings\Administrator\桌面\2013网络编程课件\案例程序\程序7.3\CharBounce\CharBounce\Debug\link.4620-cvtres.read.1.tlog
C:\Documents and Settings\Administrator\桌面\2013网络编程课件\案例程序\程序7.3\CharBounce\CharBounce\Debug\link.4620-cvtres.write.1.tlog
C:\Documents and Settings\Administrator\桌面\2013网络编程课件\案例程序\程序7.3\CharBounce\CharBounce\Debug\link.command.1.tlog
C:\Documents and Settings\Administrator\桌面\2013网络编程课件\案例程序\程序7.3\CharBounce\CharBounce\Debug\link.read.1.tlog
C:\Documents and Settings\Administrator\桌面\2013网络编程课件\案例程序\程序7.3\CharBounce\CharBounce\Debug\link.write.1.tlog
C:\Documents and Settings\Administrator\桌面\2013网络编程课件\案例程序\程序7.3\CharBounce\CharBounce\Debug\link-cvtres.read.1.tlog
C:\Documents and Settings\Administrator\桌面\2013网络编程课件\案例程序\程序7.3\CharBounce\CharBounce\Debug\link-cvtres.write.1.tlog
C:\Documents and Settings\Administrator\桌面\2013网络编程课件\案例程序\程序7.3\CharBounce\CharBounce\Debug\mt.command.1.tlog
C:\Documents and Settings\Administrator\桌面\2013网络编程课件\案例程序\程序7.3\CharBounce\CharBounce\Debug\mt.read.1.tlog
C:\Documents and Settings\Administrator\桌面\2013网络编程课件\案例程序\程序7.3\CharBounce\CharBounce\Debug\mt.write.1.tlog
C:\Documents and Settings\Administrator\桌面\2013网络编程课件\案例程序\程序7.3\CharBounce\CharBounce\Debug\rc.command.1.tlog
C:\Documents and Settings\Administrator\桌面\2013网络编程课件\案例程序\程序7.3\CharBounce\CharBounce\Debug\rc.read.1.tlog
C:\Documents and Settings\Administrator\桌面\2013网络编程课件\案例程序\程序7.3\CharBounce\CharBounce\Debug\rc.write.1.tlog
C:\Documents and Settings\Administrator\桌面\2013网络编程课件\案例程序\程序7.3\CharBounce\CharBounce\Debug\vc100.idb
C:\DOCUMENTS AND SETTINGS\ADMINISTRATOR\桌面\2013网络编程课件\案例程序\程序7.3\CHARBOUNCE\CHARBOUNCE\DEBUG\VC100.PDB
C:\DOCUMENTS AND SETTINGS\ADMINISTRATOR\桌面\2013网络编程课件\案例程序\程序7.3\CHARBOUNCE\DEBUG\CHARBOUNCE.EXE
C:\DOCUMENTS AND SETTINGS\ADMINISTRATOR\桌面\2013网络编程课件\案例程序\程序7.3\CHARBOUNCE\DEBUG\CHARBOUNCE.ILK
C:\DOCUMENTS AND SETTINGS\ADMINISTRATOR\桌面\2013网络编程课件\案例程序\程序7.3\CHARBOUNCE\DEBUG\CHARBOUNCE.PDB
