D:\网络编程案例\CHAPTER6\POP3客户机\POP3CLIENT\DEBUG\POP3CLIENT.EXE
D:\网络编程案例\CHAPTER6\POP3客户机\POP3CLIENT\DEBUG\POP3CLIENT.ILK
D:\网络编程案例\CHAPTER6\POP3客户机\POP3CLIENT\DEBUG\POP3CLIENT.PDB
D:\网络编程案例\chapter6\POP3客户机\Pop3Client\Pop3Client\Debug\cl.command.1.tlog
D:\网络编程案例\chapter6\POP3客户机\Pop3Client\Pop3Client\Debug\CL.read.1.tlog
D:\网络编程案例\chapter6\POP3客户机\Pop3Client\Pop3Client\Debug\CL.write.1.tlog
D:\网络编程案例\chapter6\POP3客户机\Pop3Client\Pop3Client\Debug\link.command.1.tlog
D:\网络编程案例\chapter6\POP3客户机\Pop3Client\Pop3Client\Debug\link.read.1.tlog
D:\网络编程案例\chapter6\POP3客户机\Pop3Client\Pop3Client\Debug\link.write.1.tlog
D:\网络编程案例\chapter6\POP3客户机\Pop3Client\Pop3Client\Debug\link-cvtres.read.1.tlog
D:\网络编程案例\chapter6\POP3客户机\Pop3Client\Pop3Client\Debug\link-cvtres.write.1.tlog
D:\网络编程案例\chapter6\POP3客户机\Pop3Client\Pop3Client\Debug\mt.command.1.tlog
D:\网络编程案例\chapter6\POP3客户机\Pop3Client\Pop3Client\Debug\mt.read.1.tlog
D:\网络编程案例\chapter6\POP3客户机\Pop3Client\Pop3Client\Debug\mt.write.1.tlog
D:\网络编程案例\CHAPTER6\POP3客户机\POP3CLIENT\POP3CLIENT\DEBUG\POP3CLIENT.EXE.EMBED.MANIFEST
D:\网络编程案例\CHAPTER6\POP3客户机\POP3CLIENT\POP3CLIENT\DEBUG\POP3CLIENT.EXE.EMBED.MANIFEST.RES
D:\网络编程案例\CHAPTER6\POP3客户机\POP3CLIENT\POP3CLIENT\DEBUG\POP3CLIENT.EXE.INTERMEDIATE.MANIFEST
D:\网络编程案例\CHAPTER6\POP3客户机\POP3CLIENT\POP3CLIENT\DEBUG\POP3CLIENT.OBJ
D:\网络编程案例\CHAPTER6\POP3客户机\POP3CLIENT\POP3CLIENT\DEBUG\POP3CLIENT.PCH
D:\网络编程案例\CHAPTER6\POP3客户机\POP3CLIENT\POP3CLIENT\DEBUG\POP3CLIENT.RES
D:\网络编程案例\chapter6\POP3客户机\Pop3Client\Pop3Client\Debug\Pop3Client_manifest.rc
D:\网络编程案例\CHAPTER6\POP3客户机\POP3CLIENT\POP3CLIENT\DEBUG\POP3CLIENTDLG.OBJ
D:\网络编程案例\chapter6\POP3客户机\Pop3Client\Pop3Client\Debug\rc.command.1.tlog
D:\网络编程案例\chapter6\POP3客户机\Pop3Client\Pop3Client\Debug\rc.read.1.tlog
D:\网络编程案例\chapter6\POP3客户机\Pop3Client\Pop3Client\Debug\rc.write.1.tlog
D:\网络编程案例\CHAPTER6\POP3客户机\POP3CLIENT\POP3CLIENT\DEBUG\STDAFX.OBJ
D:\网络编程案例\chapter6\POP3客户机\Pop3Client\Pop3Client\Debug\vc100.idb
D:\网络编程案例\CHAPTER6\POP3客户机\POP3CLIENT\POP3CLIENT\DEBUG\VC100.PDB
