C:\DOCUMENTS AND SETTINGS\ADMINISTRATOR\桌面\2013网络编程课件\案例程序\程序7.4\MULTITHREADSYNCHRONIZATION\DEBUG\MULTITHREADSYNCHRONIZATION.EXE
C:\DOCUMENTS AND SETTINGS\ADMINISTRATOR\桌面\2013网络编程课件\案例程序\程序7.4\MULTITHREADSYNCHRONIZATION\DEBUG\MULTITHREADSYNCHRONIZATION.ILK
C:\DOCUMENTS AND SETTINGS\ADMINISTRATOR\桌面\2013网络编程课件\案例程序\程序7.4\MULTITHREADSYNCHRONIZATION\DEBUG\MULTITHREADSYNCHRONIZATION.PDB
C:\Documents and Settings\Administrator\桌面\2013网络编程课件\案例程序\程序7.4\MultiThreadSynchronization\MultiThreadSynchronization\Debug\cl.command.1.tlog
C:\Documents and Settings\Administrator\桌面\2013网络编程课件\案例程序\程序7.4\MultiThreadSynchronization\MultiThreadSynchronization\Debug\CL.read.1.tlog
C:\Documents and Settings\Administrator\桌面\2013网络编程课件\案例程序\程序7.4\MultiThreadSynchronization\MultiThreadSynchronization\Debug\CL.write.1.tlog
C:\Documents and Settings\Administrator\桌面\2013网络编程课件\案例程序\程序7.4\MultiThreadSynchronization\MultiThreadSynchronization\Debug\link.884.read.1.tlog
C:\Documents and Settings\Administrator\桌面\2013网络编程课件\案例程序\程序7.4\MultiThreadSynchronization\MultiThreadSynchronization\Debug\link.884.write.1.tlog
C:\Documents and Settings\Administrator\桌面\2013网络编程课件\案例程序\程序7.4\MultiThreadSynchronization\MultiThreadSynchronization\Debug\link.884-cvtres.read.1.tlog
C:\Documents and Settings\Administrator\桌面\2013网络编程课件\案例程序\程序7.4\MultiThreadSynchronization\MultiThreadSynchronization\Debug\link.884-cvtres.write.1.tlog
C:\Documents and Settings\Administrator\桌面\2013网络编程课件\案例程序\程序7.4\MultiThreadSynchronization\MultiThreadSynchronization\Debug\link.command.1.tlog
C:\Documents and Settings\Administrator\桌面\2013网络编程课件\案例程序\程序7.4\MultiThreadSynchronization\MultiThreadSynchronization\Debug\link.read.1.tlog
C:\Documents and Settings\Administrator\桌面\2013网络编程课件\案例程序\程序7.4\MultiThreadSynchronization\MultiThreadSynchronization\Debug\link.write.1.tlog
C:\Documents and Settings\Administrator\桌面\2013网络编程课件\案例程序\程序7.4\MultiThreadSynchronization\MultiThreadSynchronization\Debug\link-cvtres.read.1.tlog
C:\Documents and Settings\Administrator\桌面\2013网络编程课件\案例程序\程序7.4\MultiThreadSynchronization\MultiThreadSynchronization\Debug\link-cvtres.write.1.tlog
C:\Documents and Settings\Administrator\桌面\2013网络编程课件\案例程序\程序7.4\MultiThreadSynchronization\MultiThreadSynchronization\Debug\mt.command.1.tlog
C:\Documents and Settings\Administrator\桌面\2013网络编程课件\案例程序\程序7.4\MultiThreadSynchronization\MultiThreadSynchronization\Debug\mt.read.1.tlog
C:\Documents and Settings\Administrator\桌面\2013网络编程课件\案例程序\程序7.4\MultiThreadSynchronization\MultiThreadSynchronization\Debug\mt.write.1.tlog
C:\DOCUMENTS AND SETTINGS\ADMINISTRATOR\桌面\2013网络编程课件\案例程序\程序7.4\MULTITHREADSYNCHRONIZATION\MULTITHREADSYNCHRONIZATION\DEBUG\MULTITHREADSYNCHRONIZATION.EXE.EMBED.MANIFEST
C:\DOCUMENTS AND SETTINGS\ADMINISTRATOR\桌面\2013网络编程课件\案例程序\程序7.4\MULTITHREADSYNCHRONIZATION\MULTITHREADSYNCHRONIZATION\DEBUG\MULTITHREADSYNCHRONIZATION.EXE.EMBED.MANIFEST.RES
C:\DOCUMENTS AND SETTINGS\ADMINISTRATOR\桌面\2013网络编程课件\案例程序\程序7.4\MULTITHREADSYNCHRONIZATION\MULTITHREADSYNCHRONIZATION\DEBUG\MULTITHREADSYNCHRONIZATION.EXE.INTERMEDIATE.MANIFEST
C:\DOCUMENTS AND SETTINGS\ADMINISTRATOR\桌面\2013网络编程课件\案例程序\程序7.4\MULTITHREADSYNCHRONIZATION\MULTITHREADSYNCHRONIZATION\DEBUG\MULTITHREADSYNCHRONIZATION.OBJ
C:\Documents and Settings\Administrator\桌面\2013网络编程课件\案例程序\程序7.4\MultiThreadSynchronization\MultiThreadSynchronization\Debug\MultiThreadSynchronization_manifest.rc
C:\Documents and Settings\Administrator\桌面\2013网络编程课件\案例程序\程序7.4\MultiThreadSynchronization\MultiThreadSynchronization\Debug\rc.command.1.tlog
C:\Documents and Settings\Administrator\桌面\2013网络编程课件\案例程序\程序7.4\MultiThreadSynchronization\MultiThreadSynchronization\Debug\rc.read.1.tlog
C:\Documents and Settings\Administrator\桌面\2013网络编程课件\案例程序\程序7.4\MultiThreadSynchronization\MultiThreadSynchronization\Debug\rc.write.1.tlog
C:\Documents and Settings\Administrator\桌面\2013网络编程课件\案例程序\程序7.4\MultiThreadSynchronization\MultiThreadSynchronization\Debug\vc100.idb
C:\DOCUMENTS AND SETTINGS\ADMINISTRATOR\桌面\2013网络编程课件\案例程序\程序7.4\MULTITHREADSYNCHRONIZATION\MULTITHREADSYNCHRONIZATION\DEBUG\VC100.PDB
