D:\网络编程案例\CHAPTER8\SNIFFER\DEBUG\SNIFFER.EXE
D:\网络编程案例\CHAPTER8\SNIFFER\DEBUG\SNIFFER.ILK
D:\网络编程案例\CHAPTER8\SNIFFER\DEBUG\SNIFFER.PDB
D:\网络编程案例\CHAPTER8\SNIFFER\SNIFFER\DEBUG\CAPTUREALLPACKETS.OBJ
D:\网络编程案例\chapter8\Sniffer\Sniffer\Debug\cl.command.1.tlog
D:\网络编程案例\chapter8\Sniffer\Sniffer\Debug\CL.read.1.tlog
D:\网络编程案例\chapter8\Sniffer\Sniffer\Debug\CL.write.1.tlog
D:\网络编程案例\CHAPTER8\SNIFFER\SNIFFER\DEBUG\GETDEVICEINFO.OBJ
D:\网络编程案例\chapter8\Sniffer\Sniffer\Debug\link.1036.read.1.tlog
D:\网络编程案例\chapter8\Sniffer\Sniffer\Debug\link.1036.write.1.tlog
D:\网络编程案例\chapter8\Sniffer\Sniffer\Debug\link.1036-cvtres.read.1.tlog
D:\网络编程案例\chapter8\Sniffer\Sniffer\Debug\link.1036-cvtres.write.1.tlog
D:\网络编程案例\chapter8\Sniffer\Sniffer\Debug\link.1216.read.1.tlog
D:\网络编程案例\chapter8\Sniffer\Sniffer\Debug\link.1216.write.1.tlog
D:\网络编程案例\chapter8\Sniffer\Sniffer\Debug\link.1216-cvtres.read.1.tlog
D:\网络编程案例\chapter8\Sniffer\Sniffer\Debug\link.1216-cvtres.write.1.tlog
D:\网络编程案例\chapter8\Sniffer\Sniffer\Debug\link.2884.read.1.tlog
D:\网络编程案例\chapter8\Sniffer\Sniffer\Debug\link.2884.write.1.tlog
D:\网络编程案例\chapter8\Sniffer\Sniffer\Debug\link.2884-cvtres.read.1.tlog
D:\网络编程案例\chapter8\Sniffer\Sniffer\Debug\link.2884-cvtres.write.1.tlog
D:\网络编程案例\chapter8\Sniffer\Sniffer\Debug\link.3492.read.1.tlog
D:\网络编程案例\chapter8\Sniffer\Sniffer\Debug\link.3492.write.1.tlog
D:\网络编程案例\chapter8\Sniffer\Sniffer\Debug\link.3492-cvtres.read.1.tlog
D:\网络编程案例\chapter8\Sniffer\Sniffer\Debug\link.3492-cvtres.write.1.tlog
D:\网络编程案例\chapter8\Sniffer\Sniffer\Debug\link.4716.read.1.tlog
D:\网络编程案例\chapter8\Sniffer\Sniffer\Debug\link.4716.write.1.tlog
D:\网络编程案例\chapter8\Sniffer\Sniffer\Debug\link.4716-cvtres.read.1.tlog
D:\网络编程案例\chapter8\Sniffer\Sniffer\Debug\link.4716-cvtres.write.1.tlog
D:\网络编程案例\chapter8\Sniffer\Sniffer\Debug\link.4736.read.1.tlog
D:\网络编程案例\chapter8\Sniffer\Sniffer\Debug\link.4736.write.1.tlog
D:\网络编程案例\chapter8\Sniffer\Sniffer\Debug\link.4736-cvtres.read.1.tlog
D:\网络编程案例\chapter8\Sniffer\Sniffer\Debug\link.4736-cvtres.write.1.tlog
D:\网络编程案例\chapter8\Sniffer\Sniffer\Debug\link.5044.read.1.tlog
D:\网络编程案例\chapter8\Sniffer\Sniffer\Debug\link.5044.write.1.tlog
D:\网络编程案例\chapter8\Sniffer\Sniffer\Debug\link.5044-cvtres.read.1.tlog
D:\网络编程案例\chapter8\Sniffer\Sniffer\Debug\link.5044-cvtres.write.1.tlog
D:\网络编程案例\chapter8\Sniffer\Sniffer\Debug\link.5516.read.1.tlog
D:\网络编程案例\chapter8\Sniffer\Sniffer\Debug\link.5516.write.1.tlog
D:\网络编程案例\chapter8\Sniffer\Sniffer\Debug\link.5516-cvtres.read.1.tlog
D:\网络编程案例\chapter8\Sniffer\Sniffer\Debug\link.5516-cvtres.write.1.tlog
D:\网络编程案例\chapter8\Sniffer\Sniffer\Debug\link.5556.read.1.tlog
D:\网络编程案例\chapter8\Sniffer\Sniffer\Debug\link.5556.write.1.tlog
D:\网络编程案例\chapter8\Sniffer\Sniffer\Debug\link.5556-cvtres.read.1.tlog
D:\网络编程案例\chapter8\Sniffer\Sniffer\Debug\link.5556-cvtres.write.1.tlog
D:\网络编程案例\chapter8\Sniffer\Sniffer\Debug\link.command.1.tlog
D:\网络编程案例\chapter8\Sniffer\Sniffer\Debug\link.read.1.tlog
D:\网络编程案例\chapter8\Sniffer\Sniffer\Debug\link.write.1.tlog
D:\网络编程案例\chapter8\Sniffer\Sniffer\Debug\link-cvtres.read.1.tlog
D:\网络编程案例\chapter8\Sniffer\Sniffer\Debug\link-cvtres.write.1.tlog
D:\网络编程案例\chapter8\Sniffer\Sniffer\Debug\mt.command.1.tlog
D:\网络编程案例\chapter8\Sniffer\Sniffer\Debug\mt.read.1.tlog
D:\网络编程案例\chapter8\Sniffer\Sniffer\Debug\mt.write.1.tlog
D:\网络编程案例\CHAPTER8\SNIFFER\SNIFFER\DEBUG\NETWORKTRAFFIC.OBJ
D:\网络编程案例\CHAPTER8\SNIFFER\SNIFFER\DEBUG\PACKETDUMP.OBJ
D:\网络编程案例\CHAPTER8\SNIFFER\SNIFFER\DEBUG\PACKETFILTER.OBJ
D:\网络编程案例\chapter8\Sniffer\Sniffer\Debug\rc.command.1.tlog
D:\网络编程案例\chapter8\Sniffer\Sniffer\Debug\rc.read.1.tlog
D:\网络编程案例\chapter8\Sniffer\Sniffer\Debug\rc.write.1.tlog
D:\网络编程案例\CHAPTER8\SNIFFER\SNIFFER\DEBUG\SNIFFER.EXE.EMBED.MANIFEST
D:\网络编程案例\CHAPTER8\SNIFFER\SNIFFER\DEBUG\SNIFFER.EXE.EMBED.MANIFEST.RES
D:\网络编程案例\CHAPTER8\SNIFFER\SNIFFER\DEBUG\SNIFFER.EXE.INTERMEDIATE.MANIFEST
D:\网络编程案例\chapter8\Sniffer\Sniffer\Debug\Sniffer_manifest.rc
D:\网络编程案例\CHAPTER8\SNIFFER\SNIFFER\DEBUG\UDPDUMP.OBJ
D:\网络编程案例\chapter8\Sniffer\Sniffer\Debug\vc100.idb
D:\网络编程案例\CHAPTER8\SNIFFER\SNIFFER\DEBUG\VC100.PDB
