E:\SOCKET IO\SOCKETIOSELECT\SOCKETIOSELECT\DEBUG\SOCKETIOSELECT.EXE
E:\SOCKET IO\SOCKETIOSELECT\SOCKETIOSELECT\DEBUG\SOCKETIOSELECT.ILK
E:\SOCKET IO\SOCKETIOSELECT\SOCKETIOSELECT\DEBUG\SOCKETIOSELECT.PDB
E:\socket io\Socketioselect\Socketioselect\Socketioselect\Debug\cl.command.1.tlog
E:\socket io\Socketioselect\Socketioselect\Socketioselect\Debug\CL.read.1.tlog
E:\socket io\Socketioselect\Socketioselect\Socketioselect\Debug\CL.write.1.tlog
E:\socket io\Socketioselect\Socketioselect\Socketioselect\Debug\link.15496.read.1.tlog
E:\socket io\Socketioselect\Socketioselect\Socketioselect\Debug\link.15496.write.1.tlog
E:\socket io\Socketioselect\Socketioselect\Socketioselect\Debug\link.15496-cvtres.read.1.tlog
E:\socket io\Socketioselect\Socketioselect\Socketioselect\Debug\link.15496-cvtres.write.1.tlog
E:\socket io\Socketioselect\Socketioselect\Socketioselect\Debug\link.command.1.tlog
E:\socket io\Socketioselect\Socketioselect\Socketioselect\Debug\link.read.1.tlog
E:\socket io\Socketioselect\Socketioselect\Socketioselect\Debug\link.write.1.tlog
E:\socket io\Socketioselect\Socketioselect\Socketioselect\Debug\link-cvtres.read.1.tlog
E:\socket io\Socketioselect\Socketioselect\Socketioselect\Debug\link-cvtres.write.1.tlog
E:\socket io\Socketioselect\Socketioselect\Socketioselect\Debug\mt.command.1.tlog
E:\socket io\Socketioselect\Socketioselect\Socketioselect\Debug\mt.read.1.tlog
E:\socket io\Socketioselect\Socketioselect\Socketioselect\Debug\mt.write.1.tlog
E:\socket io\Socketioselect\Socketioselect\Socketioselect\Debug\rc.command.1.tlog
E:\socket io\Socketioselect\Socketioselect\Socketioselect\Debug\rc.read.1.tlog
E:\socket io\Socketioselect\Socketioselect\Socketioselect\Debug\rc.write.1.tlog
E:\SOCKET IO\SOCKETIOSELECT\SOCKETIOSELECT\SOCKETIOSELECT\DEBUG\SOCKETIOSELECT.EXE.EMBED.MANIFEST
E:\SOCKET IO\SOCKETIOSELECT\SOCKETIOSELECT\SOCKETIOSELECT\DEBUG\SOCKETIOSELECT.EXE.EMBED.MANIFEST.RES
E:\SOCKET IO\SOCKETIOSELECT\SOCKETIOSELECT\SOCKETIOSELECT\DEBUG\SOCKETIOSELECT.EXE.INTERMEDIATE.MANIFEST
E:\socket io\Socketioselect\Socketioselect\Socketioselect\Debug\Socketioselect_manifest.rc
E:\SOCKET IO\SOCKETIOSELECT\SOCKETIOSELECT\SOCKETIOSELECT\DEBUG\SOCKETIOSELECTSRC.OBJ
E:\socket io\Socketioselect\Socketioselect\Socketioselect\Debug\vc100.idb
E:\SOCKET IO\SOCKETIOSELECT\SOCKETIOSELECT\SOCKETIOSELECT\DEBUG\VC100.PDB
